c:\users\massi\onedrive\desktop\adv oop (cis 4930)\cis4930_project3\cis4930_project3\x64\debug\vc143.pdb
c:\users\massi\onedrive\desktop\adv oop (cis 4930)\cis4930_project3\cis4930_project3\x64\debug\form_stockdisplay.obj
c:\users\massi\onedrive\desktop\adv oop (cis 4930)\cis4930_project3\cis4930_project3\x64\debug\cppclr_winformsproject.obj
c:\users\massi\onedrive\desktop\adv oop (cis 4930)\cis4930_project3\cis4930_project3\x64\debug\assemblyinfo.obj
c:\users\massi\onedrive\desktop\adv oop (cis 4930)\cis4930_project3\cis4930_project3\x64\debug\cis4930_project3.pch
c:\users\massi\onedrive\desktop\adv oop (cis 4930)\cis4930_project3\cis4930_project3\x64\debug\pch.obj
c:\users\massi\onedrive\desktop\adv oop (cis 4930)\cis4930_project3\cis4930_project3\x64\debug\candlestick.obj
c:\users\massi\onedrive\desktop\adv oop (cis 4930)\cis4930_project3\cis4930_project3\x64\debug\.netframework,version=v4.7.2.assemblyattributes.obj
c:\users\massi\onedrive\desktop\adv oop (cis 4930)\cis4930_project3\cis4930_project3\x64\debug\smartcandlestick.obj
c:\users\massi\onedrive\desktop\adv oop (cis 4930)\cis4930_project3\cis4930_project3\x64\debug\recognizer_valley.obj
c:\users\massi\onedrive\desktop\adv oop (cis 4930)\cis4930_project3\cis4930_project3\x64\debug\recognizer_peak.obj
c:\users\massi\onedrive\desktop\adv oop (cis 4930)\cis4930_project3\cis4930_project3\x64\debug\recognizer_neutral.obj
c:\users\massi\onedrive\desktop\adv oop (cis 4930)\cis4930_project3\cis4930_project3\x64\debug\recognizer_marubozu.obj
c:\users\massi\onedrive\desktop\adv oop (cis 4930)\cis4930_project3\cis4930_project3\x64\debug\recognizer_hammer.obj
c:\users\massi\onedrive\desktop\adv oop (cis 4930)\cis4930_project3\cis4930_project3\x64\debug\recognizer_gravestonedoji.obj
c:\users\massi\onedrive\desktop\adv oop (cis 4930)\cis4930_project3\cis4930_project3\x64\debug\recognizer_dragonflydoji.obj
c:\users\massi\onedrive\desktop\adv oop (cis 4930)\cis4930_project3\cis4930_project3\x64\debug\recognizer_doji.obj
c:\users\massi\onedrive\desktop\adv oop (cis 4930)\cis4930_project3\cis4930_project3\x64\debug\recognizer_bullishharami.obj
c:\users\massi\onedrive\desktop\adv oop (cis 4930)\cis4930_project3\cis4930_project3\x64\debug\recognizer_bullishengulfing.obj
c:\users\massi\onedrive\desktop\adv oop (cis 4930)\cis4930_project3\cis4930_project3\x64\debug\recognizer_bullish.obj
c:\users\massi\onedrive\desktop\adv oop (cis 4930)\cis4930_project3\cis4930_project3\x64\debug\recognizer_bearishharami.obj
c:\users\massi\onedrive\desktop\adv oop (cis 4930)\cis4930_project3\cis4930_project3\x64\debug\recognizer_bearishengulfing.obj
c:\users\massi\onedrive\desktop\adv oop (cis 4930)\cis4930_project3\cis4930_project3\x64\debug\recognizer_bearish.obj
c:\users\massi\onedrive\desktop\adv oop (cis 4930)\cis4930_project3\cis4930_project3\x64\debug\recognizer.obj
c:\users\massi\onedrive\desktop\adv oop (cis 4930)\cis4930_project3\x64\debug\cis4930_project3.exe
c:\users\massi\onedrive\desktop\adv oop (cis 4930)\cis4930_project3\x64\debug\cis4930_project3.pdb
c:\users\massi\onedrive\desktop\adv oop (cis 4930)\cis4930_project3\cis4930_project3\x64\debug\app.res
c:\users\massi\onedrive\desktop\adv oop (cis 4930)\cis4930_project3\cis4930_project3\x64\debug\cis4930_project3.tlog\cl.command.1.tlog
c:\users\massi\onedrive\desktop\adv oop (cis 4930)\cis4930_project3\cis4930_project3\x64\debug\cis4930_project3.tlog\cl.items.tlog
c:\users\massi\onedrive\desktop\adv oop (cis 4930)\cis4930_project3\cis4930_project3\x64\debug\cis4930_project3.tlog\cl.read.1.tlog
c:\users\massi\onedrive\desktop\adv oop (cis 4930)\cis4930_project3\cis4930_project3\x64\debug\cis4930_project3.tlog\cl.write.1.tlog
c:\users\massi\onedrive\desktop\adv oop (cis 4930)\cis4930_project3\cis4930_project3\x64\debug\cis4930_project3.tlog\link.command.1.tlog
c:\users\massi\onedrive\desktop\adv oop (cis 4930)\cis4930_project3\cis4930_project3\x64\debug\cis4930_project3.tlog\link.read.1.tlog
c:\users\massi\onedrive\desktop\adv oop (cis 4930)\cis4930_project3\cis4930_project3\x64\debug\cis4930_project3.tlog\link.write.1.tlog
c:\users\massi\onedrive\desktop\adv oop (cis 4930)\cis4930_project3\cis4930_project3\x64\debug\cis4930_project3.tlog\metagen.read.1.tlog
c:\users\massi\onedrive\desktop\adv oop (cis 4930)\cis4930_project3\cis4930_project3\x64\debug\cis4930_project3.tlog\metagen.write.1.tlog
c:\users\massi\onedrive\desktop\adv oop (cis 4930)\cis4930_project3\cis4930_project3\x64\debug\cis4930_project3.tlog\rc.command.1.tlog
c:\users\massi\onedrive\desktop\adv oop (cis 4930)\cis4930_project3\cis4930_project3\x64\debug\cis4930_project3.tlog\rc.read.1.tlog
c:\users\massi\onedrive\desktop\adv oop (cis 4930)\cis4930_project3\cis4930_project3\x64\debug\cis4930_project3.tlog\rc.write.1.tlog
c:\users\massi\onedrive\desktop\adv oop (cis 4930)\cis4930_project3\cis4930_project3\x64\debug\cis4930_project3.tlog\resgen.command.1.tlog
c:\users\massi\onedrive\desktop\adv oop (cis 4930)\cis4930_project3\cis4930_project3\x64\debug\cis4930_project3.tlog\resgen.read.1.tlog
c:\users\massi\onedrive\desktop\adv oop (cis 4930)\cis4930_project3\cis4930_project3\x64\debug\cis4930_project3.tlog\resgen.write.1.tlog
